 
       ==============================================
       |                                            |
       |                 C R E S T                  |
       |                                            |
       |  Conformer-Rotamer Ensemble Sampling Tool  |
       |          based on the GFN methods          |
       |             P.Pracht, S.Grimme             |
       |          Universitaet Bonn, MCTC           |
       ==============================================
       Version 2.12,   Thu 19. Mai 16:32:32 CEST 2022
  Using the xTB program. Compatible with xTB version 6.4.0
 
   Cite work conducted with this code as

   • P.Pracht, F.Bohle, S.Grimme, PCCP, 2020, 22, 7169-7192.
   • S.Grimme, JCTC, 2019, 15, 2847-2862.

   and for works involving QCG as

   • S.Spicher, C.Plett, P.Pracht, A.Hansen, S.Grimme,
     JCTC, 2022, 18 (5), 3174-3189.
 
   with help from:
   C.Bannwarth, F.Bohle, S.Ehlert, S.Grimme,
   C.Plett, P.Pracht, S.Spicher
 
   This program is distributed in the hope that it will be useful,
   but WITHOUT ANY WARRANTY; without even the implied warranty of
   MERCHANTABILITY or FITNESS FOR A PARTICULAR PURPOSE.

 Command line input:
 > crest oh.xyz --gfn2 --chrg 0 --uhf 1 --alpb water --cluster --noreftopo

  -gfn2 : Use of GFN2-xTB requested.
  --chrg 0
  --uhf 1
  --alpb water : implicit solvation
  --cluster : ensemble clustering
 
 -------------------------
 xTB Geometry Optimization
 -------------------------
 Geometry successfully optimized.
 
******************************************************************************************
**                Principal Component Analysis (PCA) and Clustering                     **
******************************************************************************************
 Input file: crest_conformers.xyz
 Only one structure in ensemble!
 Write structure to crest_clustered.xyz and skip PCA parts
 
 -----------------
 Wall Time Summary
 -----------------
--------------------
Overall wall time  : 0h : 0m : 0s
 
 CREST terminated normally.
